<?xml version="1.0" encoding="UTF-8"?>
<testsuites name="Test Mobile" time="199.665" tests="2" failures="0" errors="0">
   <testsuite name="Test Mobile" tests="2" failures="0" errors="0" time="199.665" skipped="0" timestamp="29-01-2024T16:24:10" hostname="0767 - DESKTOP-SQ56SGT" id="Test Suites/Test Mobile">
      <properties>
[...]
</properties>
      <testcase name="Test Cases/Login" time="119.597" classname="Test Cases/Login" status="PASSED">
         <system-out><![CDATA[29-01-2024T16:24:10 - [TEST_CASE][PASSED] - Test Cases/Login: Test Cases/Login

29-01-2024T16:24:11 - [TEST_STEP][PASSED] - startApplication("C:\Users\0767\Downloads\kaf-debug.apk", true): Started app at: 'C:\Users\0767\Downloads\kaf-debug.apk'

29-01-2024T16:24:16 - [MESSAGE][INFO] - Detected NodeJS location: "C:\Program Files\nodejs\node.exe"

29-01-2024T16:24:20 - [MESSAGE][INFO] - PATH: C:\Program Files\nodejs;

29-01-2024T16:24:20 - [MESSAGE][INFO] - APPIUM_HOME: C:\Users\0767\AppData\Roaming\npm\node_modules\appium\build\lib\main.js

29-01-2024T16:24:20 - [MESSAGE][INFO] - appium outlog: C:\Users\0767\Katalon Studio\BelajarMobile\Reports\20240129_162350\Test Mobile\20240129_162350\appium.log

29-01-2024T16:24:20 - [MESSAGE][INFO] - appium errlog: C:\Users\0767\Katalon Studio\BelajarMobile\Reports\20240129_162350\Test Mobile\20240129_162350\appium_error.log

29-01-2024T16:24:26 - [MESSAGE][INFO] - Appium server started on port 53,452

29-01-2024T16:25:18 - [MESSAGE][PASSED] - Started app at: 'C:\Users\0767\Downloads\kaf-debug.apk'

29-01-2024T16:25:18 - [TEST_STEP][PASSED] - delay(3): Delayed 3 second(s)

29-01-2024T16:25:21 - [MESSAGE][PASSED] - Delayed 3 second(s)

29-01-2024T16:25:21 - [TEST_STEP][PASSED] - tap(findTestObject("Object Repository/Mobile/android.widget.EditText"), 0): Tapped on element 'Object Repository/Mobile/android.widget.EditText'

29-01-2024T16:25:22 - [MESSAGE][WARNING] - Timeout '0' is invalid. Using default page load timeout: '30'

29-01-2024T16:25:26 - [MESSAGE][PASSED] - Tapped on element 'Object Repository/Mobile/android.widget.EditText'

29-01-2024T16:25:26 - [TEST_STEP][PASSED] - setText(findTestObject("Object Repository/Mobile/android.widget.EditText"), "receptionist@kaf.co.id", 0): Text 'receptionist@kaf.co.id' has been set to element 'Object Repository/Mobile/android.widget.EditText'

29-01-2024T16:25:26 - [MESSAGE][WARNING] - Timeout '0' is invalid. Using default page load timeout: '30'

29-01-2024T16:25:28 - [MESSAGE][PASSED] - Text 'receptionist@kaf.co.id' has been set to element 'Object Repository/Mobile/android.widget.EditText'

29-01-2024T16:25:28 - [TEST_STEP][PASSED] - hideKeyboard(): Keyboard is hidden

29-01-2024T16:25:38 - [MESSAGE][PASSED] - Keyboard is hidden

29-01-2024T16:25:38 - [TEST_STEP][PASSED] - tap(findTestObject("Object Repository/Mobile/android.widget.EditText (1)"), 0): Tapped on element 'Object Repository/Mobile/android.widget.EditText (1)'

29-01-2024T16:25:39 - [MESSAGE][WARNING] - Timeout '0' is invalid. Using default page load timeout: '30'

29-01-2024T16:25:39 - [MESSAGE][PASSED] - Tapped on element 'Object Repository/Mobile/android.widget.EditText (1)'

29-01-2024T16:25:39 - [TEST_STEP][PASSED] - setText(findTestObject("Object Repository/Mobile/android.widget.EditText (1)"), "R3cept!#888", 0): Text 'R3cept!#888' has been set to element 'Object Repository/Mobile/android.widget.EditText (1)'

29-01-2024T16:25:40 - [MESSAGE][WARNING] - Timeout '0' is invalid. Using default page load timeout: '30'

29-01-2024T16:25:42 - [MESSAGE][PASSED] - Text 'R3cept!#888' has been set to element 'Object Repository/Mobile/android.widget.EditText (1)'

29-01-2024T16:25:42 - [TEST_STEP][PASSED] - hideKeyboard(): Keyboard is hidden

29-01-2024T16:25:45 - [MESSAGE][PASSED] - Keyboard is hidden

29-01-2024T16:25:45 - [TEST_STEP][PASSED] - delay(2): Delayed 2 second(s)

29-01-2024T16:25:47 - [MESSAGE][PASSED] - Delayed 2 second(s)

29-01-2024T16:25:47 - [TEST_STEP][PASSED] - takeScreenshot(): Screenshot is taken

29-01-2024T16:25:57 - [MESSAGE][PASSED] - Screenshot is taken
[[ATTACHMENT|C:\\Users\\0767\\Katalon Studio\\BelajarMobile\\Reports\\20240129_162350\\Test Mobile\\20240129_162350\\1706520348392.png]]

29-01-2024T16:25:58 - [TEST_STEP][PASSED] - tap(findTestObject("Object Repository/Mobile/android.widget.Button"), 0): Tapped on element 'Object Repository/Mobile/android.widget.Button'

29-01-2024T16:25:59 - [MESSAGE][WARNING] - Timeout '0' is invalid. Using default page load timeout: '30'

29-01-2024T16:26:00 - [MESSAGE][PASSED] - Tapped on element 'Object Repository/Mobile/android.widget.Button'

29-01-2024T16:26:00 - [TEST_STEP][PASSED] - delay(5): Delayed 5 second(s)

29-01-2024T16:26:05 - [MESSAGE][PASSED] - Delayed 5 second(s)

29-01-2024T16:26:05 - [TEST_STEP][PASSED] - takeScreenshot(): Screenshot is taken

29-01-2024T16:26:09 - [MESSAGE][PASSED] - Screenshot is taken
[[ATTACHMENT|C:\\Users\\0767\\Katalon Studio\\BelajarMobile\\Reports\\20240129_162350\\Test Mobile\\20240129_162350\\1706520365368.png]]]]></system-out>
         <system-err><![CDATA[]]></system-err>
      </testcase>
      <testcase name="Test Cases/Add Project" time="78.982" classname="Test Cases/Add Project" status="PASSED">
         <system-out><![CDATA[29-01-2024T16:26:10 - [TEST_CASE][PASSED] - Test Cases/Add Project: Test Cases/Add Project

29-01-2024T16:26:13 - [TEST_STEP][PASSED] - tap(findTestObject("Object Repository/Mobile/android.widget.ImageView"), 0): Tapped on element 'Object Repository/Mobile/android.widget.ImageView'

29-01-2024T16:26:13 - [MESSAGE][WARNING] - Timeout '0' is invalid. Using default page load timeout: '30'

29-01-2024T16:26:16 - [MESSAGE][PASSED] - Tapped on element 'Object Repository/Mobile/android.widget.ImageView'

29-01-2024T16:26:16 - [TEST_STEP][PASSED] - tap(findTestObject("Object Repository/Mobile/android.view.View"), 0): Tapped on element 'Object Repository/Mobile/android.view.View'

29-01-2024T16:26:17 - [MESSAGE][WARNING] - Timeout '0' is invalid. Using default page load timeout: '30'

29-01-2024T16:26:20 - [MESSAGE][PASSED] - Tapped on element 'Object Repository/Mobile/android.view.View'

29-01-2024T16:26:20 - [TEST_STEP][PASSED] - delay(2): Delayed 2 second(s)

29-01-2024T16:26:22 - [MESSAGE][PASSED] - Delayed 2 second(s)

29-01-2024T16:26:22 - [TEST_STEP][PASSED] - takeScreenshot(): Screenshot is taken

29-01-2024T16:26:27 - [MESSAGE][PASSED] - Screenshot is taken
[[ATTACHMENT|C:\\Users\\0767\\Katalon Studio\\BelajarMobile\\Reports\\20240129_162350\\Test Mobile\\20240129_162350\\1706520382866.png]]

29-01-2024T16:26:27 - [TEST_STEP][PASSED] - tap(findTestObject("Object Repository/Mobile/android.widget.ImageView (1)"), 0): Tapped on element 'Object Repository/Mobile/android.widget.ImageView (1)'

29-01-2024T16:26:28 - [MESSAGE][WARNING] - Timeout '0' is invalid. Using default page load timeout: '30'

29-01-2024T16:26:29 - [MESSAGE][PASSED] - Tapped on element 'Object Repository/Mobile/android.widget.ImageView (1)'

29-01-2024T16:26:29 - [TEST_STEP][PASSED] - tap(findTestObject("Object Repository/Mobile/android.widget.ImageView (2)"), 0): Tapped on element 'Object Repository/Mobile/android.widget.ImageView (2)'

29-01-2024T16:26:29 - [MESSAGE][WARNING] - Timeout '0' is invalid. Using default page load timeout: '30'

29-01-2024T16:26:31 - [MESSAGE][PASSED] - Tapped on element 'Object Repository/Mobile/android.widget.ImageView (2)'

29-01-2024T16:26:31 - [TEST_STEP][PASSED] - tap(findTestObject("Object Repository/Mobile/android.view.View (1)"), 0): Tapped on element 'Object Repository/Mobile/android.view.View (1)'

29-01-2024T16:26:31 - [MESSAGE][WARNING] - Timeout '0' is invalid. Using default page load timeout: '30'

29-01-2024T16:26:32 - [MESSAGE][PASSED] - Tapped on element 'Object Repository/Mobile/android.view.View (1)'

29-01-2024T16:26:32 - [TEST_STEP][PASSED] - tap(findTestObject("Object Repository/Mobile/android.widget.EditText (2)"), 0): Tapped on element 'Object Repository/Mobile/android.widget.EditText (2)'

29-01-2024T16:26:32 - [MESSAGE][WARNING] - Timeout '0' is invalid. Using default page load timeout: '30'

29-01-2024T16:26:34 - [MESSAGE][PASSED] - Tapped on element 'Object Repository/Mobile/android.widget.EditText (2)'

29-01-2024T16:26:34 - [TEST_STEP][PASSED] - setText(findTestObject("Object Repository/Mobile/android.widget.EditText (2)"), "IGLO", 0): Text 'IGLO' has been set to element 'Object Repository/Mobile/android.widget.EditText (2)'

29-01-2024T16:26:34 - [MESSAGE][WARNING] - Timeout '0' is invalid. Using default page load timeout: '30'

29-01-2024T16:26:36 - [MESSAGE][PASSED] - Text 'IGLO' has been set to element 'Object Repository/Mobile/android.widget.EditText (2)'

29-01-2024T16:26:41 - [TEST_STEP][PASSED] - tap(findTestObject("Object Repository/Mobile/android.widget.ImageView (3)"), 0): Tapped on element 'Object Repository/Mobile/android.widget.ImageView (3)'

29-01-2024T16:26:45 - [MESSAGE][WARNING] - Timeout '0' is invalid. Using default page load timeout: '30'

29-01-2024T16:26:46 - [MESSAGE][PASSED] - Tapped on element 'Object Repository/Mobile/android.widget.ImageView (3)'

29-01-2024T16:26:46 - [TEST_STEP][PASSED] - tap(findTestObject("Object Repository/Mobile/android.view.View (2)"), 0): Tapped on element 'Object Repository/Mobile/android.view.View (2)'

29-01-2024T16:26:47 - [MESSAGE][WARNING] - Timeout '0' is invalid. Using default page load timeout: '30'

29-01-2024T16:26:48 - [MESSAGE][PASSED] - Tapped on element 'Object Repository/Mobile/android.view.View (2)'

29-01-2024T16:26:48 - [TEST_STEP][PASSED] - tap(findTestObject("Object Repository/Mobile/android.widget.EditText (3)"), 0): Tapped on element 'Object Repository/Mobile/android.widget.EditText (3)'

29-01-2024T16:26:49 - [MESSAGE][WARNING] - Timeout '0' is invalid. Using default page load timeout: '30'

29-01-2024T16:26:50 - [MESSAGE][PASSED] - Tapped on element 'Object Repository/Mobile/android.widget.EditText (3)'

29-01-2024T16:26:50 - [TEST_STEP][PASSED] - setText(findTestObject("Object Repository/Mobile/android.widget.EditText (3)"), "receptionist@kaf.co.idreceptionist@kaf.co.idreceptionist@kaf.co.idreceptionist@kaf.co.id", 0): Text 'receptionist@kaf.co.idreceptionist@kaf.co.idreceptionist@kaf.co.idreceptionist@kaf.co.id' has been set to element 'Object Repository/Mobile/android.widget.EditText (3)'

29-01-2024T16:26:52 - [MESSAGE][WARNING] - Timeout '0' is invalid. Using default page load timeout: '30'

29-01-2024T16:26:54 - [MESSAGE][PASSED] - Text 'receptionist@kaf.co.idreceptionist@kaf.co.idreceptionist@kaf.co.idreceptionist@kaf.co.id' has been set to element 'Object Repository/Mobile/android.widget.EditText (3)'

29-01-2024T16:26:54 - [TEST_STEP][PASSED] - hideKeyboard(): Keyboard is hidden

29-01-2024T16:26:59 - [MESSAGE][PASSED] - Keyboard is hidden

29-01-2024T16:27:00 - [TEST_STEP][PASSED] - delay(2): Delayed 2 second(s)

29-01-2024T16:27:02 - [MESSAGE][PASSED] - Delayed 2 second(s)

29-01-2024T16:27:02 - [TEST_STEP][PASSED] - takeScreenshot(): Screenshot is taken

29-01-2024T16:27:09 - [MESSAGE][PASSED] - Screenshot is taken
[[ATTACHMENT|C:\\Users\\0767\\Katalon Studio\\BelajarMobile\\Reports\\20240129_162350\\Test Mobile\\20240129_162350\\1706520422716.png]]

29-01-2024T16:27:09 - [TEST_STEP][PASSED] - tap(findTestObject("Object Repository/Mobile/android.widget.Button (1)"), 0): Tapped on element 'Object Repository/Mobile/android.widget.Button (1)'

29-01-2024T16:27:11 - [MESSAGE][WARNING] - Timeout '0' is invalid. Using default page load timeout: '30'

29-01-2024T16:27:12 - [MESSAGE][PASSED] - Tapped on element 'Object Repository/Mobile/android.widget.Button (1)'

29-01-2024T16:27:12 - [TEST_STEP][PASSED] - delay(2): Delayed 2 second(s)

29-01-2024T16:27:14 - [MESSAGE][PASSED] - Delayed 2 second(s)

29-01-2024T16:27:14 - [TEST_STEP][PASSED] - takeScreenshot(): Screenshot is taken

29-01-2024T16:27:22 - [MESSAGE][PASSED] - Screenshot is taken
[[ATTACHMENT|C:\\Users\\0767\\Katalon Studio\\BelajarMobile\\Reports\\20240129_162350\\Test Mobile\\20240129_162350\\1706520434450.png]]

29-01-2024T16:27:24 - [TEST_STEP][PASSED] - pressBack(): Press back button successfully

29-01-2024T16:27:29 - [MESSAGE][PASSED] - Press back button successfully]]></system-out>
         <system-err><![CDATA[]]></system-err>
      </testcase>
      <system-out><![CDATA[29-01-2024T16:24:10 - [TEST_SUITE][PASSED] - Test Mobile: Test Cases/Add Project]]></system-out>
      <system-err><![CDATA[]]></system-err>
   </testsuite>
</testsuites>
