<?xml version="1.0" encoding="UTF-8"?>
<testsuites name="Test Mobile" time="186.582" tests="2" failures="0" errors="0">
   <testsuite name="Test Mobile" tests="2" failures="0" errors="0" time="186.582" skipped="0" timestamp="29-01-2024T16:17:36" hostname="0767 - DESKTOP-SQ56SGT" id="Test Suites/Test Mobile">
      <properties>
[...]
</properties>
      <testcase name="Test Cases/Login" time="47.601" classname="Test Cases/Login" status="PASSED">
         <system-out><![CDATA[29-01-2024T16:19:13 - [TEST_CASE][PASSED] - Test Cases/Login: Test Cases/Login

29-01-2024T16:19:13 - [TEST_STEP][PASSED] - startApplication("C:\Users\0767\Downloads\kaf-debug.apk", true): Started app at: 'C:\Users\0767\Downloads\kaf-debug.apk'

29-01-2024T16:19:35 - [MESSAGE][PASSED] - Started app at: 'C:\Users\0767\Downloads\kaf-debug.apk'

29-01-2024T16:19:35 - [TEST_STEP][PASSED] - delay(3): Delayed 3 second(s)

29-01-2024T16:19:39 - [MESSAGE][PASSED] - Delayed 3 second(s)

29-01-2024T16:19:39 - [TEST_STEP][PASSED] - tap(findTestObject("Object Repository/Mobile/android.widget.EditText"), 0): Tapped on element 'Object Repository/Mobile/android.widget.EditText'

29-01-2024T16:19:39 - [MESSAGE][WARNING] - Timeout '0' is invalid. Using default page load timeout: '30'

29-01-2024T16:19:39 - [MESSAGE][PASSED] - Tapped on element 'Object Repository/Mobile/android.widget.EditText'

29-01-2024T16:19:39 - [TEST_STEP][PASSED] - setText(findTestObject("Object Repository/Mobile/android.widget.EditText"), "receptionist@kaf.co.id", 0): Text 'receptionist@kaf.co.id' has been set to element 'Object Repository/Mobile/android.widget.EditText'

29-01-2024T16:19:40 - [MESSAGE][WARNING] - Timeout '0' is invalid. Using default page load timeout: '30'

29-01-2024T16:19:42 - [MESSAGE][PASSED] - Text 'receptionist@kaf.co.id' has been set to element 'Object Repository/Mobile/android.widget.EditText'

29-01-2024T16:19:42 - [TEST_STEP][PASSED] - hideKeyboard(): Keyboard is hidden

29-01-2024T16:19:44 - [MESSAGE][PASSED] - Keyboard is hidden

29-01-2024T16:19:44 - [TEST_STEP][PASSED] - tap(findTestObject("Object Repository/Mobile/android.widget.EditText (1)"), 0): Tapped on element 'Object Repository/Mobile/android.widget.EditText (1)'

29-01-2024T16:19:44 - [MESSAGE][WARNING] - Timeout '0' is invalid. Using default page load timeout: '30'

29-01-2024T16:19:45 - [MESSAGE][PASSED] - Tapped on element 'Object Repository/Mobile/android.widget.EditText (1)'

29-01-2024T16:19:45 - [TEST_STEP][PASSED] - setText(findTestObject("Object Repository/Mobile/android.widget.EditText (1)"), "R3cept!#888", 0): Text 'R3cept!#888' has been set to element 'Object Repository/Mobile/android.widget.EditText (1)'

29-01-2024T16:19:45 - [MESSAGE][WARNING] - Timeout '0' is invalid. Using default page load timeout: '30'

29-01-2024T16:19:47 - [MESSAGE][PASSED] - Text 'R3cept!#888' has been set to element 'Object Repository/Mobile/android.widget.EditText (1)'

29-01-2024T16:19:47 - [TEST_STEP][PASSED] - hideKeyboard(): Keyboard is hidden

29-01-2024T16:19:49 - [MESSAGE][PASSED] - Keyboard is hidden

29-01-2024T16:19:49 - [TEST_STEP][PASSED] - delay(2): Delayed 2 second(s)

29-01-2024T16:19:51 - [MESSAGE][PASSED] - Delayed 2 second(s)

29-01-2024T16:19:51 - [TEST_STEP][PASSED] - takeScreenshot(): Screenshot is taken

29-01-2024T16:19:55 - [MESSAGE][PASSED] - Screenshot is taken
[[ATTACHMENT|C:\\Users\\0767\\Katalon Studio\\BelajarMobile\\Reports\\20240129_161716\\Test Mobile\\20240129_161716\\1706519991408.png]]

29-01-2024T16:19:55 - [TEST_STEP][PASSED] - tap(findTestObject("Object Repository/Mobile/android.widget.Button"), 0): Tapped on element 'Object Repository/Mobile/android.widget.Button'

29-01-2024T16:19:56 - [MESSAGE][WARNING] - Timeout '0' is invalid. Using default page load timeout: '30'

29-01-2024T16:19:56 - [MESSAGE][PASSED] - Tapped on element 'Object Repository/Mobile/android.widget.Button'

29-01-2024T16:19:56 - [TEST_STEP][PASSED] - delay(2): Delayed 2 second(s)

29-01-2024T16:19:58 - [MESSAGE][PASSED] - Delayed 2 second(s)

29-01-2024T16:19:58 - [TEST_STEP][PASSED] - takeScreenshot(): Screenshot is taken

29-01-2024T16:20:01 - [MESSAGE][PASSED] - Screenshot is taken
[[ATTACHMENT|C:\\Users\\0767\\Katalon Studio\\BelajarMobile\\Reports\\20240129_161716\\Test Mobile\\20240129_161716\\1706519998701.png]]]]></system-out>
         <system-err><![CDATA[]]></system-err>
      </testcase>
      <testcase name="Test Cases/Add Project" time="41.516" classname="Test Cases/Add Project" status="PASSED">
         <system-out><![CDATA[29-01-2024T16:20:01 - [TEST_CASE][PASSED] - Test Cases/Add Project: Test Cases/Add Project

29-01-2024T16:20:02 - [TEST_STEP][PASSED] - tap(findTestObject("Object Repository/Mobile/android.widget.ImageView"), 0): Tapped on element 'Object Repository/Mobile/android.widget.ImageView'

29-01-2024T16:20:02 - [MESSAGE][WARNING] - Timeout '0' is invalid. Using default page load timeout: '30'

29-01-2024T16:20:09 - [MESSAGE][PASSED] - Tapped on element 'Object Repository/Mobile/android.widget.ImageView'

29-01-2024T16:20:09 - [TEST_STEP][PASSED] - tap(findTestObject("Object Repository/Mobile/android.view.View"), 0): Tapped on element 'Object Repository/Mobile/android.view.View'

29-01-2024T16:20:10 - [MESSAGE][WARNING] - Timeout '0' is invalid. Using default page load timeout: '30'

29-01-2024T16:20:13 - [MESSAGE][PASSED] - Tapped on element 'Object Repository/Mobile/android.view.View'

29-01-2024T16:20:13 - [TEST_STEP][PASSED] - delay(2): Delayed 2 second(s)

29-01-2024T16:20:15 - [MESSAGE][PASSED] - Delayed 2 second(s)

29-01-2024T16:20:15 - [TEST_STEP][PASSED] - takeScreenshot(): Screenshot is taken

29-01-2024T16:20:18 - [MESSAGE][PASSED] - Screenshot is taken
[[ATTACHMENT|C:\\Users\\0767\\Katalon Studio\\BelajarMobile\\Reports\\20240129_161716\\Test Mobile\\20240129_161716\\1706520015797.png]]

29-01-2024T16:20:18 - [TEST_STEP][PASSED] - tap(findTestObject("Object Repository/Mobile/android.widget.ImageView (1)"), 0): Tapped on element 'Object Repository/Mobile/android.widget.ImageView (1)'

29-01-2024T16:20:19 - [MESSAGE][WARNING] - Timeout '0' is invalid. Using default page load timeout: '30'

29-01-2024T16:20:20 - [MESSAGE][PASSED] - Tapped on element 'Object Repository/Mobile/android.widget.ImageView (1)'

29-01-2024T16:20:20 - [TEST_STEP][PASSED] - tap(findTestObject("Object Repository/Mobile/android.widget.ImageView (2)"), 0): Tapped on element 'Object Repository/Mobile/android.widget.ImageView (2)'

29-01-2024T16:20:21 - [MESSAGE][WARNING] - Timeout '0' is invalid. Using default page load timeout: '30'

29-01-2024T16:20:21 - [MESSAGE][PASSED] - Tapped on element 'Object Repository/Mobile/android.widget.ImageView (2)'

29-01-2024T16:20:21 - [TEST_STEP][PASSED] - tap(findTestObject("Object Repository/Mobile/android.view.View (1)"), 0): Tapped on element 'Object Repository/Mobile/android.view.View (1)'

29-01-2024T16:20:21 - [MESSAGE][WARNING] - Timeout '0' is invalid. Using default page load timeout: '30'

29-01-2024T16:20:22 - [MESSAGE][PASSED] - Tapped on element 'Object Repository/Mobile/android.view.View (1)'

29-01-2024T16:20:22 - [TEST_STEP][PASSED] - tap(findTestObject("Object Repository/Mobile/android.widget.EditText (2)"), 0): Tapped on element 'Object Repository/Mobile/android.widget.EditText (2)'

29-01-2024T16:20:22 - [MESSAGE][WARNING] - Timeout '0' is invalid. Using default page load timeout: '30'

29-01-2024T16:20:23 - [MESSAGE][PASSED] - Tapped on element 'Object Repository/Mobile/android.widget.EditText (2)'

29-01-2024T16:20:23 - [TEST_STEP][PASSED] - setText(findTestObject("Object Repository/Mobile/android.widget.EditText (2)"), "IGLO", 0): Text 'IGLO' has been set to element 'Object Repository/Mobile/android.widget.EditText (2)'

29-01-2024T16:20:23 - [MESSAGE][WARNING] - Timeout '0' is invalid. Using default page load timeout: '30'

29-01-2024T16:20:25 - [MESSAGE][PASSED] - Text 'IGLO' has been set to element 'Object Repository/Mobile/android.widget.EditText (2)'

29-01-2024T16:20:25 - [TEST_STEP][PASSED] - tap(findTestObject("Object Repository/Mobile/android.widget.ImageView (3)"), 0): Tapped on element 'Object Repository/Mobile/android.widget.ImageView (3)'

29-01-2024T16:20:25 - [MESSAGE][WARNING] - Timeout '0' is invalid. Using default page load timeout: '30'

29-01-2024T16:20:27 - [MESSAGE][PASSED] - Tapped on element 'Object Repository/Mobile/android.widget.ImageView (3)'

29-01-2024T16:20:27 - [TEST_STEP][PASSED] - tap(findTestObject("Object Repository/Mobile/android.view.View (2)"), 0): Tapped on element 'Object Repository/Mobile/android.view.View (2)'

29-01-2024T16:20:27 - [MESSAGE][WARNING] - Timeout '0' is invalid. Using default page load timeout: '30'

29-01-2024T16:20:27 - [MESSAGE][PASSED] - Tapped on element 'Object Repository/Mobile/android.view.View (2)'

29-01-2024T16:20:27 - [TEST_STEP][PASSED] - tap(findTestObject("Object Repository/Mobile/android.widget.EditText (3)"), 0): Tapped on element 'Object Repository/Mobile/android.widget.EditText (3)'

29-01-2024T16:20:27 - [MESSAGE][WARNING] - Timeout '0' is invalid. Using default page load timeout: '30'

29-01-2024T16:20:28 - [MESSAGE][PASSED] - Tapped on element 'Object Repository/Mobile/android.widget.EditText (3)'

29-01-2024T16:20:28 - [TEST_STEP][PASSED] - setText(findTestObject("Object Repository/Mobile/android.widget.EditText (3)"), "receptionist@kaf.co.idreceptionist@kaf.co.idreceptionist@kaf.co.idreceptionist@kaf.co.id", 0): Text 'receptionist@kaf.co.idreceptionist@kaf.co.idreceptionist@kaf.co.idreceptionist@kaf.co.id' has been set to element 'Object Repository/Mobile/android.widget.EditText (3)'

29-01-2024T16:20:29 - [MESSAGE][WARNING] - Timeout '0' is invalid. Using default page load timeout: '30'

29-01-2024T16:20:30 - [MESSAGE][PASSED] - Text 'receptionist@kaf.co.idreceptionist@kaf.co.idreceptionist@kaf.co.idreceptionist@kaf.co.id' has been set to element 'Object Repository/Mobile/android.widget.EditText (3)'

29-01-2024T16:20:30 - [TEST_STEP][PASSED] - hideKeyboard(): Keyboard is hidden

29-01-2024T16:20:32 - [MESSAGE][PASSED] - Keyboard is hidden

29-01-2024T16:20:32 - [TEST_STEP][PASSED] - delay(2): Delayed 2 second(s)

29-01-2024T16:20:34 - [MESSAGE][PASSED] - Delayed 2 second(s)

29-01-2024T16:20:34 - [TEST_STEP][PASSED] - takeScreenshot(): Screenshot is taken

29-01-2024T16:20:36 - [MESSAGE][PASSED] - Screenshot is taken
[[ATTACHMENT|C:\\Users\\0767\\Katalon Studio\\BelajarMobile\\Reports\\20240129_161716\\Test Mobile\\20240129_161716\\1706520034906.png]]

29-01-2024T16:20:36 - [TEST_STEP][PASSED] - tap(findTestObject("Object Repository/Mobile/android.widget.Button (1)"), 0): Tapped on element 'Object Repository/Mobile/android.widget.Button (1)'

29-01-2024T16:20:36 - [MESSAGE][WARNING] - Timeout '0' is invalid. Using default page load timeout: '30'

29-01-2024T16:20:36 - [MESSAGE][PASSED] - Tapped on element 'Object Repository/Mobile/android.widget.Button (1)'

29-01-2024T16:20:36 - [TEST_STEP][PASSED] - delay(2): Delayed 2 second(s)

29-01-2024T16:20:39 - [MESSAGE][PASSED] - Delayed 2 second(s)

29-01-2024T16:20:39 - [TEST_STEP][PASSED] - takeScreenshot(): Screenshot is taken

29-01-2024T16:20:41 - [MESSAGE][PASSED] - Screenshot is taken
[[ATTACHMENT|C:\\Users\\0767\\Katalon Studio\\BelajarMobile\\Reports\\20240129_161716\\Test Mobile\\20240129_161716\\1706520039021.png]]

29-01-2024T16:20:41 - [TEST_STEP][PASSED] - pressBack(): Press back button successfully

29-01-2024T16:20:42 - [MESSAGE][PASSED] - Press back button successfully]]></system-out>
         <system-err><![CDATA[]]></system-err>
      </testcase>
      <system-out><![CDATA[29-01-2024T16:17:36 - [TEST_SUITE][FAILED] - Test Mobile: Test Cases/Login FAILED.
Reason:
com.kms.katalon.core.exception.StepFailedException: Failed to set text into element
	at com.kms.katalon.core.mobile.keyword.internal.MobileKeywordMain.stepFailed(MobileKeywordMain.groovy:38)
	at com.kms.katalon.core.mobile.keyword.internal.MobileKeywordMain.runKeyword(MobileKeywordMain.groovy:21)
	at com.kms.katalon.core.mobile.keyword.builtin.SetTextKeyword.setText(SetTextKeyword.groovy:62)
	at com.kms.katalon.core.mobile.keyword.builtin.SetTextKeyword.execute(SetTextKeyword.groovy:42)
	at com.kms.katalon.core.keyword.internal.KeywordExecutor.executeKeywordForPlatform(KeywordExecutor.groovy:74)
	at com.kms.katalon.core.mobile.keyword.MobileBuiltInKeywords.setText(MobileBuiltInKeywords.groovy:1307)
	at Login.run(Login:26)
	at com.kms.katalon.core.main.ScriptEngine.run(ScriptEngine.java:194)
	at com.kms.katalon.core.main.ScriptEngine.runScriptAsRawText(ScriptEngine.java:119)
	at com.kms.katalon.core.main.TestCaseExecutor.runScript(TestCaseExecutor.java:448)
	at com.kms.katalon.core.main.TestCaseExecutor.doExecute(TestCaseExecutor.java:439)
	at com.kms.katalon.core.main.TestCaseExecutor.processExecutionPhase(TestCaseExecutor.java:418)
	at com.kms.katalon.core.main.TestCaseExecutor.accessMainPhase(TestCaseExecutor.java:410)
	at com.kms.katalon.core.main.TestCaseExecutor.execute(TestCaseExecutor.java:285)
	at com.kms.katalon.core.common.CommonExecutor.accessTestCaseMainPhase(CommonExecutor.java:65)
	at com.kms.katalon.core.main.TestSuiteExecutor.accessTestSuiteMainPhase(TestSuiteExecutor.java:148)
	at com.kms.katalon.core.main.TestSuiteExecutor.execute(TestSuiteExecutor.java:106)
	at com.kms.katalon.core.main.TestCaseMain.startTestSuite(TestCaseMain.java:180)
	at TempTestSuite1706519836554.run(TempTestSuite1706519836554.groovy:36)
	at java.base/jdk.internal.reflect.NativeMethodAccessorImpl.invoke0(Native Method)
	at java.base/jdk.internal.reflect.NativeMethodAccessorImpl.invoke(NativeMethodAccessorImpl.java:77)
	at java.base/jdk.internal.reflect.DelegatingMethodAccessorImpl.invoke(DelegatingMethodAccessorImpl.java:43)
Caused by: com.kms.katalon.core.exception.StepFailedException: Object Object Repository/Mobile/android.widget.EditText not found
	at com.kms.katalon.core.mobile.keyword.internal.MobileKeywordMain.stepFailed(MobileKeywordMain.groovy:38)
	at com.kms.katalon.core.mobile.keyword.builtin.SetTextKeyword$_setText_closure1.doCall(SetTextKeyword.groovy:52)
	at com.kms.katalon.core.mobile.keyword.builtin.SetTextKeyword$_setText_closure1.call(SetTextKeyword.groovy)
	at com.kms.katalon.core.mobile.keyword.internal.MobileKeywordMain.runKeyword(MobileKeywordMain.groovy:19)
	... 20 more]]></system-out>
      <system-err><![CDATA[29-01-2024T16:17:36 - [TEST_SUITE][FAILED] - Test Mobile: Test Cases/Login FAILED.
Reason:
com.kms.katalon.core.exception.StepFailedException: Failed to set text into element
	at com.kms.katalon.core.mobile.keyword.internal.MobileKeywordMain.stepFailed(MobileKeywordMain.groovy:38)
	at com.kms.katalon.core.mobile.keyword.internal.MobileKeywordMain.runKeyword(MobileKeywordMain.groovy:21)
	at com.kms.katalon.core.mobile.keyword.builtin.SetTextKeyword.setText(SetTextKeyword.groovy:62)
	at com.kms.katalon.core.mobile.keyword.builtin.SetTextKeyword.execute(SetTextKeyword.groovy:42)
	at com.kms.katalon.core.keyword.internal.KeywordExecutor.executeKeywordForPlatform(KeywordExecutor.groovy:74)
	at com.kms.katalon.core.mobile.keyword.MobileBuiltInKeywords.setText(MobileBuiltInKeywords.groovy:1307)
	at Login.run(Login:26)
	at com.kms.katalon.core.main.ScriptEngine.run(ScriptEngine.java:194)
	at com.kms.katalon.core.main.ScriptEngine.runScriptAsRawText(ScriptEngine.java:119)
	at com.kms.katalon.core.main.TestCaseExecutor.runScript(TestCaseExecutor.java:448)
	at com.kms.katalon.core.main.TestCaseExecutor.doExecute(TestCaseExecutor.java:439)
	at com.kms.katalon.core.main.TestCaseExecutor.processExecutionPhase(TestCaseExecutor.java:418)
	at com.kms.katalon.core.main.TestCaseExecutor.accessMainPhase(TestCaseExecutor.java:410)
	at com.kms.katalon.core.main.TestCaseExecutor.execute(TestCaseExecutor.java:285)
	at com.kms.katalon.core.common.CommonExecutor.accessTestCaseMainPhase(CommonExecutor.java:65)
	at com.kms.katalon.core.main.TestSuiteExecutor.accessTestSuiteMainPhase(TestSuiteExecutor.java:148)
	at com.kms.katalon.core.main.TestSuiteExecutor.execute(TestSuiteExecutor.java:106)
	at com.kms.katalon.core.main.TestCaseMain.startTestSuite(TestCaseMain.java:180)
	at TempTestSuite1706519836554.run(TempTestSuite1706519836554.groovy:36)
	at java.base/jdk.internal.reflect.NativeMethodAccessorImpl.invoke0(Native Method)
	at java.base/jdk.internal.reflect.NativeMethodAccessorImpl.invoke(NativeMethodAccessorImpl.java:77)
	at java.base/jdk.internal.reflect.DelegatingMethodAccessorImpl.invoke(DelegatingMethodAccessorImpl.java:43)
Caused by: com.kms.katalon.core.exception.StepFailedException: Object Object Repository/Mobile/android.widget.EditText not found
	at com.kms.katalon.core.mobile.keyword.internal.MobileKeywordMain.stepFailed(MobileKeywordMain.groovy:38)
	at com.kms.katalon.core.mobile.keyword.builtin.SetTextKeyword$_setText_closure1.doCall(SetTextKeyword.groovy:52)
	at com.kms.katalon.core.mobile.keyword.builtin.SetTextKeyword$_setText_closure1.call(SetTextKeyword.groovy)
	at com.kms.katalon.core.mobile.keyword.internal.MobileKeywordMain.runKeyword(MobileKeywordMain.groovy:19)
	... 20 more]]></system-err>
   </testsuite>
</testsuites>
