<?xml version="1.0" encoding="UTF-8"?>
<testsuites name="Test Mobile" time="104.283" tests="2" failures="0" errors="0">
   <testsuite name="Test Mobile" tests="2" failures="0" errors="0" time="104.283" skipped="0" timestamp="22-06-2024T17:22:58" hostname="0767 - DESKTOP-SQ56SGT" id="Test Suites/Test Mobile">
      <properties>
[...]
</properties>
      <testcase name="Test Cases/Login" time="81.515" classname="Test Cases/Login" status="PASSED">
         <system-out><![CDATA[22-06-2024T17:22:59 - [TEST_CASE][PASSED] - Test Cases/Login: Test Cases/Login

22-06-2024T17:22:59 - [TEST_STEP][PASSED] - startApplication("C:\Users\0767\Downloads\kaf-debug.apk", true): Started application: 'C:\Users\0767\Downloads\kaf-debug.apk'

22-06-2024T17:23:00 - [MESSAGE][INFO] - Starting application: 'C:\Users\0767\Downloads\kaf-debug.apk'

22-06-2024T17:23:00 - [MESSAGE][INFO] - Detected NodeJS location: "C:\Program Files\nodejs\node.exe"

22-06-2024T17:23:05 - [MESSAGE][INFO] - PATH: C:\Program Files\nodejs;

22-06-2024T17:23:05 - [MESSAGE][INFO] - APPIUM_HOME: C:\Users\0767\AppData\Roaming\npm\node_modules\appium\build\lib\main.js

22-06-2024T17:23:05 - [MESSAGE][INFO] - appium outlog: C:\Users\0767\Katalon Studio\BelajarMobile\Reports\20240622_172244\Test Mobile\20240622_172244\appium.log

22-06-2024T17:23:05 - [MESSAGE][INFO] - appium errlog: C:\Users\0767\Katalon Studio\BelajarMobile\Reports\20240622_172244\Test Mobile\20240622_172244\appium_error.log

22-06-2024T17:23:07 - [MESSAGE][INFO] - Appium server started on port 58,072

22-06-2024T17:23:53 - [MESSAGE][INFO] - Failed to get OS statusbar's information using getSystemBar.

22-06-2024T17:23:53 - [MESSAGE][PASSED] - Started application: 'C:\Users\0767\Downloads\kaf-debug.apk'

22-06-2024T17:23:53 - [TEST_STEP][PASSED] - delay(3): Delayed 3 second(s)

22-06-2024T17:23:56 - [MESSAGE][PASSED] - Delayed 3 second(s)

22-06-2024T17:23:56 - [TEST_STEP][PASSED] - tap(findTestObject("Object Repository/Mobile/android.widget.EditText"), 0): Tapped on element 'Object Repository/Mobile/android.widget.EditText'

22-06-2024T17:23:56 - [MESSAGE][WARNING] - Timeout '0' is invalid. Using default page load timeout: '30'

22-06-2024T17:23:57 - [MESSAGE][PASSED] - Tapped on element 'Object Repository/Mobile/android.widget.EditText'

22-06-2024T17:23:57 - [TEST_STEP][PASSED] - setText(findTestObject("Object Repository/Mobile/android.widget.EditText"), "receptionist@kaf.co.id", 0): Text 'receptionist@kaf.co.id' has been set to element 'Object Repository/Mobile/android.widget.EditText'

22-06-2024T17:23:57 - [MESSAGE][WARNING] - Timeout '0' is invalid. Using default page load timeout: '30'

22-06-2024T17:23:58 - [MESSAGE][PASSED] - Text 'receptionist@kaf.co.id' has been set to element 'Object Repository/Mobile/android.widget.EditText'

22-06-2024T17:23:58 - [TEST_STEP][PASSED] - hideKeyboard(): Keyboard is hidden

22-06-2024T17:24:01 - [MESSAGE][PASSED] - Keyboard is hidden

22-06-2024T17:24:01 - [TEST_STEP][PASSED] - tap(findTestObject("Object Repository/Mobile/android.widget.EditText (1)"), 0): Tapped on element 'Object Repository/Mobile/android.widget.EditText (1)'

22-06-2024T17:24:01 - [MESSAGE][WARNING] - Timeout '0' is invalid. Using default page load timeout: '30'

22-06-2024T17:24:01 - [MESSAGE][PASSED] - Tapped on element 'Object Repository/Mobile/android.widget.EditText (1)'

22-06-2024T17:24:01 - [TEST_STEP][PASSED] - setText(findTestObject("Object Repository/Mobile/android.widget.EditText (1)"), "R3cept!#888", 0): Text 'R3cept!#888' has been set to element 'Object Repository/Mobile/android.widget.EditText (1)'

22-06-2024T17:24:01 - [MESSAGE][WARNING] - Timeout '0' is invalid. Using default page load timeout: '30'

22-06-2024T17:24:02 - [MESSAGE][PASSED] - Text 'R3cept!#888' has been set to element 'Object Repository/Mobile/android.widget.EditText (1)'

22-06-2024T17:24:02 - [TEST_STEP][PASSED] - hideKeyboard(): Keyboard is hidden

22-06-2024T17:24:05 - [MESSAGE][PASSED] - Keyboard is hidden

22-06-2024T17:24:05 - [TEST_STEP][PASSED] - delay(2): Delayed 2 second(s)

22-06-2024T17:24:07 - [MESSAGE][PASSED] - Delayed 2 second(s)

22-06-2024T17:24:07 - [TEST_STEP][PASSED] - takeScreenshot(): Screenshot is taken

22-06-2024T17:24:09 - [MESSAGE][PASSED] - Screenshot is taken
[[ATTACHMENT|C:\\Users\\0767\\Katalon Studio\\BelajarMobile\\Reports\\20240622_172244\\Test Mobile\\20240622_172244\\1719051847289.png]]

22-06-2024T17:24:09 - [TEST_STEP][PASSED] - tap(findTestObject("Object Repository/Mobile/android.widget.Button"), 0): Tapped on element 'Object Repository/Mobile/android.widget.Button'

22-06-2024T17:24:09 - [MESSAGE][WARNING] - Timeout '0' is invalid. Using default page load timeout: '30'

22-06-2024T17:24:09 - [MESSAGE][PASSED] - Tapped on element 'Object Repository/Mobile/android.widget.Button'

22-06-2024T17:24:09 - [TEST_STEP][PASSED] - delay(10): Delayed 10 second(s)

22-06-2024T17:24:19 - [MESSAGE][PASSED] - Delayed 10 second(s)

22-06-2024T17:24:19 - [TEST_STEP][PASSED] - takeScreenshot(): Screenshot is taken

22-06-2024T17:24:20 - [MESSAGE][PASSED] - Screenshot is taken
[[ATTACHMENT|C:\\Users\\0767\\Katalon Studio\\BelajarMobile\\Reports\\20240622_172244\\Test Mobile\\20240622_172244\\1719051859998.png]]]]></system-out>
         <system-err><![CDATA[]]></system-err>
      </testcase>
      <testcase name="Test Cases/Add Project" time="22.347" classname="Test Cases/Add Project" status="PASSED">
         <system-out><![CDATA[22-06-2024T17:24:20 - [TEST_CASE][PASSED] - Test Cases/Add Project: Test Cases/Add Project

22-06-2024T17:24:21 - [TEST_STEP][PASSED] - tap(findTestObject("Object Repository/Mobile/android.widget.ImageView"), 0): Tapped on element 'Object Repository/Mobile/android.widget.ImageView'

22-06-2024T17:24:21 - [MESSAGE][WARNING] - Timeout '0' is invalid. Using default page load timeout: '30'

22-06-2024T17:24:21 - [MESSAGE][PASSED] - Tapped on element 'Object Repository/Mobile/android.widget.ImageView'

22-06-2024T17:24:21 - [TEST_STEP][PASSED] - tap(findTestObject("Object Repository/Mobile/android.view.View"), 0): Tapped on element 'Object Repository/Mobile/android.view.View'

22-06-2024T17:24:21 - [MESSAGE][WARNING] - Timeout '0' is invalid. Using default page load timeout: '30'

22-06-2024T17:24:23 - [MESSAGE][PASSED] - Tapped on element 'Object Repository/Mobile/android.view.View'

22-06-2024T17:24:23 - [TEST_STEP][PASSED] - delay(2): Delayed 2 second(s)

22-06-2024T17:24:25 - [MESSAGE][PASSED] - Delayed 2 second(s)

22-06-2024T17:24:25 - [TEST_STEP][PASSED] - takeScreenshot(): Screenshot is taken

22-06-2024T17:24:26 - [MESSAGE][PASSED] - Screenshot is taken
[[ATTACHMENT|C:\\Users\\0767\\Katalon Studio\\BelajarMobile\\Reports\\20240622_172244\\Test Mobile\\20240622_172244\\1719051865699.png]]

22-06-2024T17:24:26 - [TEST_STEP][PASSED] - tap(findTestObject("Object Repository/Mobile/android.widget.ImageView (1)"), 0): Tapped on element 'Object Repository/Mobile/android.widget.ImageView (1)'

22-06-2024T17:24:26 - [MESSAGE][WARNING] - Timeout '0' is invalid. Using default page load timeout: '30'

22-06-2024T17:24:26 - [MESSAGE][PASSED] - Tapped on element 'Object Repository/Mobile/android.widget.ImageView (1)'

22-06-2024T17:24:26 - [TEST_STEP][PASSED] - tap(findTestObject("Object Repository/Mobile/android.widget.ImageView (2)"), 0): Tapped on element 'Object Repository/Mobile/android.widget.ImageView (2)'

22-06-2024T17:24:26 - [MESSAGE][WARNING] - Timeout '0' is invalid. Using default page load timeout: '30'

22-06-2024T17:24:28 - [MESSAGE][PASSED] - Tapped on element 'Object Repository/Mobile/android.widget.ImageView (2)'

22-06-2024T17:24:28 - [TEST_STEP][PASSED] - tap(findTestObject("Object Repository/Mobile/android.view.View (1)"), 0): Tapped on element 'Object Repository/Mobile/android.view.View (1)'

22-06-2024T17:24:28 - [MESSAGE][WARNING] - Timeout '0' is invalid. Using default page load timeout: '30'

22-06-2024T17:24:29 - [MESSAGE][PASSED] - Tapped on element 'Object Repository/Mobile/android.view.View (1)'

22-06-2024T17:24:29 - [TEST_STEP][PASSED] - tap(findTestObject("Object Repository/Mobile/android.widget.EditText (2)"), 0): Tapped on element 'Object Repository/Mobile/android.widget.EditText (2)'

22-06-2024T17:24:29 - [MESSAGE][WARNING] - Timeout '0' is invalid. Using default page load timeout: '30'

22-06-2024T17:24:30 - [MESSAGE][PASSED] - Tapped on element 'Object Repository/Mobile/android.widget.EditText (2)'

22-06-2024T17:24:30 - [TEST_STEP][PASSED] - setText(findTestObject("Object Repository/Mobile/android.widget.EditText (2)"), "IGLO", 0): Text 'IGLO' has been set to element 'Object Repository/Mobile/android.widget.EditText (2)'

22-06-2024T17:24:30 - [MESSAGE][WARNING] - Timeout '0' is invalid. Using default page load timeout: '30'

22-06-2024T17:24:31 - [MESSAGE][PASSED] - Text 'IGLO' has been set to element 'Object Repository/Mobile/android.widget.EditText (2)'

22-06-2024T17:24:31 - [TEST_STEP][PASSED] - tap(findTestObject("Object Repository/Mobile/android.widget.ImageView (3)"), 0): Tapped on element 'Object Repository/Mobile/android.widget.ImageView (3)'

22-06-2024T17:24:31 - [MESSAGE][WARNING] - Timeout '0' is invalid. Using default page load timeout: '30'

22-06-2024T17:24:32 - [MESSAGE][PASSED] - Tapped on element 'Object Repository/Mobile/android.widget.ImageView (3)'

22-06-2024T17:24:32 - [TEST_STEP][PASSED] - tap(findTestObject("Object Repository/Mobile/android.view.View (2)"), 0): Tapped on element 'Object Repository/Mobile/android.view.View (2)'

22-06-2024T17:24:32 - [MESSAGE][WARNING] - Timeout '0' is invalid. Using default page load timeout: '30'

22-06-2024T17:24:32 - [MESSAGE][PASSED] - Tapped on element 'Object Repository/Mobile/android.view.View (2)'

22-06-2024T17:24:32 - [TEST_STEP][PASSED] - tap(findTestObject("Object Repository/Mobile/android.widget.EditText (3)"), 0): Tapped on element 'Object Repository/Mobile/android.widget.EditText (3)'

22-06-2024T17:24:32 - [MESSAGE][WARNING] - Timeout '0' is invalid. Using default page load timeout: '30'

22-06-2024T17:24:33 - [MESSAGE][PASSED] - Tapped on element 'Object Repository/Mobile/android.widget.EditText (3)'

22-06-2024T17:24:33 - [TEST_STEP][PASSED] - setText(findTestObject("Object Repository/Mobile/android.widget.EditText (3)"), "receptionist@kaf.co.idreceptionist@kaf.co.idreceptionist@kaf.co.idreceptionist@kaf.co.id", 0): Text 'receptionist@kaf.co.idreceptionist@kaf.co.idreceptionist@kaf.co.idreceptionist@kaf.co.id' has been set to element 'Object Repository/Mobile/android.widget.EditText (3)'

22-06-2024T17:24:33 - [MESSAGE][WARNING] - Timeout '0' is invalid. Using default page load timeout: '30'

22-06-2024T17:24:34 - [MESSAGE][PASSED] - Text 'receptionist@kaf.co.idreceptionist@kaf.co.idreceptionist@kaf.co.idreceptionist@kaf.co.id' has been set to element 'Object Repository/Mobile/android.widget.EditText (3)'

22-06-2024T17:24:34 - [TEST_STEP][PASSED] - hideKeyboard(): Keyboard is hidden

22-06-2024T17:24:37 - [MESSAGE][PASSED] - Keyboard is hidden

22-06-2024T17:24:37 - [TEST_STEP][PASSED] - delay(2): Delayed 2 second(s)

22-06-2024T17:24:39 - [MESSAGE][PASSED] - Delayed 2 second(s)

22-06-2024T17:24:39 - [TEST_STEP][PASSED] - takeScreenshot(): Screenshot is taken

22-06-2024T17:24:40 - [MESSAGE][PASSED] - Screenshot is taken
[[ATTACHMENT|C:\\Users\\0767\\Katalon Studio\\BelajarMobile\\Reports\\20240622_172244\\Test Mobile\\20240622_172244\\1719051879372.png]]

22-06-2024T17:24:40 - [TEST_STEP][PASSED] - tap(findTestObject("Object Repository/Mobile/android.widget.Button (1)"), 0): Tapped on element 'Object Repository/Mobile/android.widget.Button (1)'

22-06-2024T17:24:40 - [MESSAGE][WARNING] - Timeout '0' is invalid. Using default page load timeout: '30'

22-06-2024T17:24:40 - [MESSAGE][PASSED] - Tapped on element 'Object Repository/Mobile/android.widget.Button (1)'

22-06-2024T17:24:40 - [TEST_STEP][PASSED] - delay(2): Delayed 2 second(s)

22-06-2024T17:24:42 - [MESSAGE][PASSED] - Delayed 2 second(s)

22-06-2024T17:24:42 - [TEST_STEP][PASSED] - takeScreenshot(): Screenshot is taken

22-06-2024T17:24:42 - [MESSAGE][PASSED] - Screenshot is taken
[[ATTACHMENT|C:\\Users\\0767\\Katalon Studio\\BelajarMobile\\Reports\\20240622_172244\\Test Mobile\\20240622_172244\\1719051882206.png]]

22-06-2024T17:24:42 - [TEST_STEP][PASSED] - pressBack(): Press back button successfully

22-06-2024T17:24:43 - [MESSAGE][PASSED] - Press back button successfully]]></system-out>
         <system-err><![CDATA[]]></system-err>
      </testcase>
      <system-out><![CDATA[22-06-2024T17:22:58 - [TEST_SUITE][PASSED] - Test Mobile: Test Cases/Add Project]]></system-out>
      <system-err><![CDATA[]]></system-err>
   </testsuite>
</testsuites>
