<?xml version="1.0" encoding="UTF-8"?>
<testsuites name="Test Mobile" time="113.213" tests="2" failures="0" errors="0">
   <testsuite name="Test Mobile" tests="2" failures="0" errors="0" time="113.213" skipped="0" timestamp="29-01-2024T16:04:18" hostname="0767 - DESKTOP-SQ56SGT" id="Test Suites/Test Mobile">
      <properties>
[...]
</properties>
      <testcase name="Test Cases/Login" time="80.949" classname="Test Cases/Login" status="PASSED">
         <system-out><![CDATA[29-01-2024T16:04:18 - [TEST_CASE][PASSED] - Test Cases/Login: Test Cases/Login

29-01-2024T16:04:19 - [TEST_STEP][PASSED] - startApplication("C:\Users\0767\Downloads\kaf-debug.apk", true): Started app at: 'C:\Users\0767\Downloads\kaf-debug.apk'

29-01-2024T16:04:22 - [MESSAGE][INFO] - Detected NodeJS location: "C:\Program Files\nodejs\node.exe"

29-01-2024T16:04:26 - [MESSAGE][INFO] - PATH: C:\Program Files\nodejs;

29-01-2024T16:04:27 - [MESSAGE][INFO] - APPIUM_HOME: C:\Users\0767\AppData\Roaming\npm\node_modules\appium\build\lib\main.js

29-01-2024T16:04:27 - [MESSAGE][INFO] - appium outlog: C:\Users\0767\Katalon Studio\BelajarMobile\Reports\20240129_160357\Test Mobile\20240129_160357\appium.log

29-01-2024T16:04:27 - [MESSAGE][INFO] - appium errlog: C:\Users\0767\Katalon Studio\BelajarMobile\Reports\20240129_160357\Test Mobile\20240129_160357\appium_error.log

29-01-2024T16:04:31 - [MESSAGE][INFO] - Appium server started on port 50,191

29-01-2024T16:05:15 - [MESSAGE][PASSED] - Started app at: 'C:\Users\0767\Downloads\kaf-debug.apk'

29-01-2024T16:05:15 - [TEST_STEP][PASSED] - delay(2): Delayed 2 second(s)

29-01-2024T16:05:17 - [MESSAGE][PASSED] - Delayed 2 second(s)

29-01-2024T16:05:17 - [TEST_STEP][PASSED] - tap(findTestObject("Object Repository/Mobile/android.widget.EditText"), 0): Tapped on element 'Object Repository/Mobile/android.widget.EditText'

29-01-2024T16:05:17 - [MESSAGE][WARNING] - Timeout '0' is invalid. Using default page load timeout: '30'

29-01-2024T16:05:18 - [MESSAGE][PASSED] - Tapped on element 'Object Repository/Mobile/android.widget.EditText'

29-01-2024T16:05:18 - [TEST_STEP][PASSED] - setText(findTestObject("Object Repository/Mobile/android.widget.EditText"), "receptionist@kaf.co.id", 0): Text 'receptionist@kaf.co.id' has been set to element 'Object Repository/Mobile/android.widget.EditText'

29-01-2024T16:05:18 - [MESSAGE][WARNING] - Timeout '0' is invalid. Using default page load timeout: '30'

29-01-2024T16:05:20 - [MESSAGE][PASSED] - Text 'receptionist@kaf.co.id' has been set to element 'Object Repository/Mobile/android.widget.EditText'

29-01-2024T16:05:20 - [TEST_STEP][PASSED] - hideKeyboard(): Keyboard is hidden

29-01-2024T16:05:22 - [MESSAGE][PASSED] - Keyboard is hidden

29-01-2024T16:05:22 - [TEST_STEP][PASSED] - tap(findTestObject("Object Repository/Mobile/android.widget.EditText (1)"), 0): Tapped on element 'Object Repository/Mobile/android.widget.EditText (1)'

29-01-2024T16:05:22 - [MESSAGE][WARNING] - Timeout '0' is invalid. Using default page load timeout: '30'

29-01-2024T16:05:24 - [MESSAGE][PASSED] - Tapped on element 'Object Repository/Mobile/android.widget.EditText (1)'

29-01-2024T16:05:24 - [TEST_STEP][PASSED] - setText(findTestObject("Object Repository/Mobile/android.widget.EditText (1)"), "R3cept!#888", 0): Text 'R3cept!#888' has been set to element 'Object Repository/Mobile/android.widget.EditText (1)'

29-01-2024T16:05:24 - [MESSAGE][WARNING] - Timeout '0' is invalid. Using default page load timeout: '30'

29-01-2024T16:05:25 - [MESSAGE][PASSED] - Text 'R3cept!#888' has been set to element 'Object Repository/Mobile/android.widget.EditText (1)'

29-01-2024T16:05:25 - [TEST_STEP][PASSED] - hideKeyboard(): Keyboard is hidden

29-01-2024T16:05:31 - [MESSAGE][PASSED] - Keyboard is hidden

29-01-2024T16:05:31 - [TEST_STEP][PASSED] - delay(2): Delayed 2 second(s)

29-01-2024T16:05:33 - [MESSAGE][PASSED] - Delayed 2 second(s)

29-01-2024T16:05:33 - [TEST_STEP][PASSED] - takeScreenshot(): Screenshot is taken

29-01-2024T16:05:36 - [MESSAGE][PASSED] - Screenshot is taken
[[ATTACHMENT|C:\\Users\\0767\\Katalon Studio\\BelajarMobile\\Reports\\20240129_160357\\Test Mobile\\20240129_160357\\1706519133772.png]]

29-01-2024T16:05:36 - [TEST_STEP][PASSED] - tap(findTestObject("Object Repository/Mobile/android.widget.Button"), 2): Tapped on element 'Object Repository/Mobile/android.widget.Button'

29-01-2024T16:05:36 - [MESSAGE][PASSED] - Tapped on element 'Object Repository/Mobile/android.widget.Button'

29-01-2024T16:05:36 - [TEST_STEP][PASSED] - delay(0): Delayed 0 second(s)

29-01-2024T16:05:36 - [MESSAGE][PASSED] - Delayed 0 second(s)

29-01-2024T16:05:36 - [TEST_STEP][PASSED] - takeScreenshot(): Screenshot is taken

29-01-2024T16:05:39 - [MESSAGE][PASSED] - Screenshot is taken
[[ATTACHMENT|C:\\Users\\0767\\Katalon Studio\\BelajarMobile\\Reports\\20240129_160357\\Test Mobile\\20240129_160357\\1706519136870.png]]]]></system-out>
         <system-err><![CDATA[]]></system-err>
      </testcase>
      <testcase name="Test Cases/Add Project" time="31.933" classname="Test Cases/Add Project" status="PASSED">
         <system-out><![CDATA[29-01-2024T16:05:39 - [TEST_CASE][PASSED] - Test Cases/Add Project: Test Cases/Add Project

29-01-2024T16:05:39 - [TEST_STEP][PASSED] - tap(findTestObject("Object Repository/Mobile/android.widget.ImageView"), 0): Tapped on element 'Object Repository/Mobile/android.widget.ImageView'

29-01-2024T16:05:39 - [MESSAGE][WARNING] - Timeout '0' is invalid. Using default page load timeout: '30'

29-01-2024T16:05:50 - [MESSAGE][PASSED] - Tapped on element 'Object Repository/Mobile/android.widget.ImageView'

29-01-2024T16:05:50 - [TEST_STEP][PASSED] - tap(findTestObject("Object Repository/Mobile/android.view.View"), 0): Tapped on element 'Object Repository/Mobile/android.view.View'

29-01-2024T16:05:50 - [MESSAGE][WARNING] - Timeout '0' is invalid. Using default page load timeout: '30'

29-01-2024T16:05:51 - [MESSAGE][PASSED] - Tapped on element 'Object Repository/Mobile/android.view.View'

29-01-2024T16:05:51 - [TEST_STEP][PASSED] - delay(2): Delayed 2 second(s)

29-01-2024T16:05:53 - [MESSAGE][PASSED] - Delayed 2 second(s)

29-01-2024T16:05:53 - [TEST_STEP][PASSED] - takeScreenshot(): Screenshot is taken

29-01-2024T16:05:54 - [MESSAGE][PASSED] - Screenshot is taken
[[ATTACHMENT|C:\\Users\\0767\\Katalon Studio\\BelajarMobile\\Reports\\20240129_160357\\Test Mobile\\20240129_160357\\1706519153474.png]]

29-01-2024T16:05:54 - [TEST_STEP][PASSED] - tap(findTestObject("Object Repository/Mobile/android.widget.ImageView (1)"), 0): Tapped on element 'Object Repository/Mobile/android.widget.ImageView (1)'

29-01-2024T16:05:54 - [MESSAGE][WARNING] - Timeout '0' is invalid. Using default page load timeout: '30'

29-01-2024T16:05:54 - [MESSAGE][PASSED] - Tapped on element 'Object Repository/Mobile/android.widget.ImageView (1)'

29-01-2024T16:05:54 - [TEST_STEP][PASSED] - tap(findTestObject("Object Repository/Mobile/android.widget.ImageView (2)"), 0): Tapped on element 'Object Repository/Mobile/android.widget.ImageView (2)'

29-01-2024T16:05:54 - [MESSAGE][WARNING] - Timeout '0' is invalid. Using default page load timeout: '30'

29-01-2024T16:05:55 - [MESSAGE][PASSED] - Tapped on element 'Object Repository/Mobile/android.widget.ImageView (2)'

29-01-2024T16:05:55 - [TEST_STEP][PASSED] - tap(findTestObject("Object Repository/Mobile/android.view.View (1)"), 0): Tapped on element 'Object Repository/Mobile/android.view.View (1)'

29-01-2024T16:05:55 - [MESSAGE][WARNING] - Timeout '0' is invalid. Using default page load timeout: '30'

29-01-2024T16:05:56 - [MESSAGE][PASSED] - Tapped on element 'Object Repository/Mobile/android.view.View (1)'

29-01-2024T16:05:56 - [TEST_STEP][PASSED] - tap(findTestObject("Object Repository/Mobile/android.widget.EditText (2)"), 0): Tapped on element 'Object Repository/Mobile/android.widget.EditText (2)'

29-01-2024T16:05:56 - [MESSAGE][WARNING] - Timeout '0' is invalid. Using default page load timeout: '30'

29-01-2024T16:05:57 - [MESSAGE][PASSED] - Tapped on element 'Object Repository/Mobile/android.widget.EditText (2)'

29-01-2024T16:05:57 - [TEST_STEP][PASSED] - setText(findTestObject("Object Repository/Mobile/android.widget.EditText (2)"), "IGLO", 0): Text 'IGLO' has been set to element 'Object Repository/Mobile/android.widget.EditText (2)'

29-01-2024T16:05:57 - [MESSAGE][WARNING] - Timeout '0' is invalid. Using default page load timeout: '30'

29-01-2024T16:05:58 - [MESSAGE][PASSED] - Text 'IGLO' has been set to element 'Object Repository/Mobile/android.widget.EditText (2)'

29-01-2024T16:05:58 - [TEST_STEP][PASSED] - tap(findTestObject("Object Repository/Mobile/android.widget.ImageView (3)"), 0): Tapped on element 'Object Repository/Mobile/android.widget.ImageView (3)'

29-01-2024T16:05:58 - [MESSAGE][WARNING] - Timeout '0' is invalid. Using default page load timeout: '30'

29-01-2024T16:05:59 - [MESSAGE][PASSED] - Tapped on element 'Object Repository/Mobile/android.widget.ImageView (3)'

29-01-2024T16:05:59 - [TEST_STEP][PASSED] - tap(findTestObject("Object Repository/Mobile/android.view.View (2)"), 0): Tapped on element 'Object Repository/Mobile/android.view.View (2)'

29-01-2024T16:05:59 - [MESSAGE][WARNING] - Timeout '0' is invalid. Using default page load timeout: '30'

29-01-2024T16:06:01 - [MESSAGE][PASSED] - Tapped on element 'Object Repository/Mobile/android.view.View (2)'

29-01-2024T16:06:01 - [TEST_STEP][PASSED] - tap(findTestObject("Object Repository/Mobile/android.widget.EditText (3)"), 0): Tapped on element 'Object Repository/Mobile/android.widget.EditText (3)'

29-01-2024T16:06:01 - [MESSAGE][WARNING] - Timeout '0' is invalid. Using default page load timeout: '30'

29-01-2024T16:06:01 - [MESSAGE][PASSED] - Tapped on element 'Object Repository/Mobile/android.widget.EditText (3)'

29-01-2024T16:06:01 - [TEST_STEP][PASSED] - setText(findTestObject("Object Repository/Mobile/android.widget.EditText (3)"), "receptionist@kaf.co.idreceptionist@kaf.co.idreceptionist@kaf.co.idreceptionist@kaf.co.id", 0): Text 'receptionist@kaf.co.idreceptionist@kaf.co.idreceptionist@kaf.co.idreceptionist@kaf.co.id' has been set to element 'Object Repository/Mobile/android.widget.EditText (3)'

29-01-2024T16:06:01 - [MESSAGE][WARNING] - Timeout '0' is invalid. Using default page load timeout: '30'

29-01-2024T16:06:03 - [MESSAGE][PASSED] - Text 'receptionist@kaf.co.idreceptionist@kaf.co.idreceptionist@kaf.co.idreceptionist@kaf.co.id' has been set to element 'Object Repository/Mobile/android.widget.EditText (3)'

29-01-2024T16:06:03 - [TEST_STEP][PASSED] - hideKeyboard(): Keyboard is hidden

29-01-2024T16:06:05 - [MESSAGE][PASSED] - Keyboard is hidden

29-01-2024T16:06:05 - [TEST_STEP][PASSED] - delay(2): Delayed 2 second(s)

29-01-2024T16:06:07 - [MESSAGE][PASSED] - Delayed 2 second(s)

29-01-2024T16:06:07 - [TEST_STEP][PASSED] - takeScreenshot(): Screenshot is taken

29-01-2024T16:06:07 - [MESSAGE][PASSED] - Screenshot is taken
[[ATTACHMENT|C:\\Users\\0767\\Katalon Studio\\BelajarMobile\\Reports\\20240129_160357\\Test Mobile\\20240129_160357\\1706519167047.png]]

29-01-2024T16:06:07 - [TEST_STEP][PASSED] - tap(findTestObject("Object Repository/Mobile/android.widget.Button (1)"), 0): Tapped on element 'Object Repository/Mobile/android.widget.Button (1)'

29-01-2024T16:06:07 - [MESSAGE][WARNING] - Timeout '0' is invalid. Using default page load timeout: '30'

29-01-2024T16:06:08 - [MESSAGE][PASSED] - Tapped on element 'Object Repository/Mobile/android.widget.Button (1)'

29-01-2024T16:06:08 - [TEST_STEP][PASSED] - delay(2): Delayed 2 second(s)

29-01-2024T16:06:10 - [MESSAGE][PASSED] - Delayed 2 second(s)

29-01-2024T16:06:10 - [TEST_STEP][PASSED] - takeScreenshot(): Screenshot is taken

29-01-2024T16:06:11 - [MESSAGE][PASSED] - Screenshot is taken
[[ATTACHMENT|C:\\Users\\0767\\Katalon Studio\\BelajarMobile\\Reports\\20240129_160357\\Test Mobile\\20240129_160357\\1706519170571.png]]

29-01-2024T16:06:11 - [TEST_STEP][PASSED] - pressBack(): Press back button successfully

29-01-2024T16:06:11 - [MESSAGE][PASSED] - Press back button successfully]]></system-out>
         <system-err><![CDATA[]]></system-err>
      </testcase>
      <system-out><![CDATA[29-01-2024T16:04:18 - [TEST_SUITE][PASSED] - Test Mobile: Test Cases/Add Project]]></system-out>
      <system-err><![CDATA[]]></system-err>
   </testsuite>
</testsuites>
